<?xml version="1.0" encoding="UTF-8"?>
<testsuite name="com.umuzi.project.PasswordCheckerTest" tests="7" skipped="0" failures="0" errors="0" timestamp="2021-02-09T21:17:57" hostname="CPHYSO" time="0.35">
  <properties/>
  <testcase name="passwordIsValidTest_NoLowerCaseExceptionIsThrown()" classname="com.umuzi.project.PasswordCheckerTest" time="0.131"/>
  <testcase name="emptyPasswordTest_ExceptionIsThrown()" classname="com.umuzi.project.PasswordCheckerTest" time="0.059"/>
  <testcase name="lengthTest_ExceptionIsThrown()" classname="com.umuzi.project.PasswordCheckerTest" time="0.011"/>
  <testcase name="passwordIsValidTest_NoDigitExceptionIsThrown()" classname="com.umuzi.project.PasswordCheckerTest" time="0.013"/>
  <testcase name="passwordIsValidTest_NoSpecailCharacterExceptionIsThrown()" classname="com.umuzi.project.PasswordCheckerTest" time="0.035"/>
  <testcase name="passwordIsValidTest_NoUpperCaseExceptionIsThrown()" classname="com.umuzi.project.PasswordCheckerTest" time="0.051"/>
  <testcase name="passwordIsOkayTest()" classname="com.umuzi.project.PasswordCheckerTest" time="0.005"/>
  <system-out><![CDATA[Error occurred : password should have at least one lowercase letter
The password is neverOK if condition 1 and 2 are not met*
The password is neverOK if condition 1 and 2 are not met*
Error occurred : password should have at least one digit
Error occurred : password should have at least one special character
Error occurred : password should have at least one uppercase letter
]]></system-out>
  <system-err><![CDATA[]]></system-err>
</testsuite>
